<?xml version="1.0" encoding="UTF-8"?>
<!-- Generated by org.testng.reporters.JUnitXMLReporter -->
<testsuite hostname="san3149591" ignored="0" name="Test" tests="4" failures="0" timestamp="26 Mar 2020 16:23:35 GMT" time="113.773" errors="0">
  <testcase name="verifyHomePageTitleTest" time="7.366" classname="com.nagp.testcases.TestCases"/>
  <testcase name="verifyHoverAndClick" time="21.981" classname="com.nagp.testcases.TestCases"/>
  <testcase name="countProductOnPage" time="27.049" classname="com.nagp.testcases.TestCases"/>
  <testcase name="searchProductOnPage" time="32.803" classname="com.nagp.testcases.TestCases"/>
</testsuite> <!-- Test -->
